C:\USERS\FI\DOCUMENTS\VISUAL STUDIO 2010\PROJECTS\SNAKE\DEBUG\SNAKE.EXE
C:\USERS\FI\DOCUMENTS\VISUAL STUDIO 2010\PROJECTS\SNAKE\DEBUG\SNAKE.ILK
C:\USERS\FI\DOCUMENTS\VISUAL STUDIO 2010\PROJECTS\SNAKE\DEBUG\SNAKE.PDB
C:\Users\fi\Documents\Visual Studio 2010\Projects\snake\snake\Debug\cl.command.1.tlog
C:\Users\fi\Documents\Visual Studio 2010\Projects\snake\snake\Debug\CL.read.1.tlog
C:\Users\fi\Documents\Visual Studio 2010\Projects\snake\snake\Debug\CL.write.1.tlog
C:\Users\fi\Documents\Visual Studio 2010\Projects\snake\snake\Debug\link.command.1.tlog
C:\Users\fi\Documents\Visual Studio 2010\Projects\snake\snake\Debug\link.read.1.tlog
C:\Users\fi\Documents\Visual Studio 2010\Projects\snake\snake\Debug\link.write.1.tlog
C:\Users\fi\Documents\Visual Studio 2010\Projects\snake\snake\Debug\link-cvtres.read.1.tlog
C:\Users\fi\Documents\Visual Studio 2010\Projects\snake\snake\Debug\link-cvtres.write.1.tlog
C:\Users\fi\Documents\Visual Studio 2010\Projects\snake\snake\Debug\mt.command.1.tlog
C:\Users\fi\Documents\Visual Studio 2010\Projects\snake\snake\Debug\mt.read.1.tlog
C:\Users\fi\Documents\Visual Studio 2010\Projects\snake\snake\Debug\mt.write.1.tlog
C:\Users\fi\Documents\Visual Studio 2010\Projects\snake\snake\Debug\rc.command.1.tlog
C:\Users\fi\Documents\Visual Studio 2010\Projects\snake\snake\Debug\rc.read.1.tlog
C:\Users\fi\Documents\Visual Studio 2010\Projects\snake\snake\Debug\rc.write.1.tlog
C:\Users\fi\Documents\Visual Studio 2010\Projects\snake\snake\Debug\snake.exe.embed.manifest
C:\USERS\FI\DOCUMENTS\VISUAL STUDIO 2010\PROJECTS\SNAKE\SNAKE\DEBUG\SNAKE.EXE.EMBED.MANIFEST.RES
C:\USERS\FI\DOCUMENTS\VISUAL STUDIO 2010\PROJECTS\SNAKE\SNAKE\DEBUG\SNAKE.EXE.INTERMEDIATE.MANIFEST
C:\USERS\FI\DOCUMENTS\VISUAL STUDIO 2010\PROJECTS\SNAKE\SNAKE\DEBUG\SNAKE.OBJ
C:\USERS\FI\DOCUMENTS\VISUAL STUDIO 2010\PROJECTS\SNAKE\SNAKE\DEBUG\SNAKE.PCH
C:\USERS\FI\DOCUMENTS\VISUAL STUDIO 2010\PROJECTS\SNAKE\SNAKE\DEBUG\SNAKE_CLASS.OBJ
C:\Users\fi\Documents\Visual Studio 2010\Projects\snake\snake\Debug\snake_manifest.rc
C:\USERS\FI\DOCUMENTS\VISUAL STUDIO 2010\PROJECTS\SNAKE\SNAKE\DEBUG\STDAFX.OBJ
C:\Users\fi\Documents\Visual Studio 2010\Projects\snake\snake\Debug\vc100.idb
C:\USERS\FI\DOCUMENTS\VISUAL STUDIO 2010\PROJECTS\SNAKE\SNAKE\DEBUG\VC100.PDB
C:\Users\fi\Documents\Visual Studio 2010\Projects\snake\snake\Debug\vc90.idb
C:\Users\fi\Documents\Visual Studio 2010\Projects\snake\snake\Debug\vc90.pdb
