Build started 9/8/2011 1:55:19 AM.
     1>Project "C:\Users\fi\Documents\Visual Studio 2010\Projects\snake\snake\snake.vcxproj" on node 2 (build target(s)).
     1>InitializeBuildStatus:
         Creating "Debug\snake.unsuccessfulbuild" because "AlwaysCreate" was specified.
       ClCompile:
         All outputs are up-to-date.
         C:\Program Files\Microsoft Visual Studio 10.0\VC\bin\CL.exe /c /ZI /nologo /W3 /WX- /Od /Ot /Oy- /D WIN32 /D _DEBUG /D _CONSOLE /D _UNICODE /D UNICODE /Gm /EHsc /RTC1 /MDd /GS /fp:precise /Zc:wchar_t /Zc:forScope /Yu"StdAfx.h" /Fp"Debug\snake.pch" /Fo"Debug\\" /Fd"Debug\vc100.pdb" /Gd /TP /analyze- /errorReport:prompt snake.cpp snake_class.cpp
         snake_class.cpp
         snake.cpp
     1>c:\users\fi\documents\visual studio 2010\projects\snake\snake\snake.cpp(63): warning C4244: 'argument' : conversion from 'double' to 'int', possible loss of data
     1>c:\users\fi\documents\visual studio 2010\projects\snake\snake\snake.cpp(174): warning C4996: '_itoa': This function or variable may be unsafe. Consider using _itoa_s instead. To disable deprecation, use _CRT_SECURE_NO_WARNINGS. See online help for details.
                 c:\program files\microsoft visual studio 10.0\vc\include\stdlib.h(451) : see declaration of '_itoa'
     1>c:\users\fi\documents\visual studio 2010\projects\snake\snake\snake.cpp(175): warning C4996: 'mbstowcs': This function or variable may be unsafe. Consider using mbstowcs_s instead. To disable deprecation, use _CRT_SECURE_NO_WARNINGS. See online help for details.
                 c:\program files\microsoft visual studio 10.0\vc\include\stdlib.h(498) : see declaration of 'mbstowcs'
         Generating Code...
       ManifestResourceCompile:
         All outputs are up-to-date.
       Link:
         C:\Program Files\Microsoft Visual Studio 10.0\VC\bin\link.exe /ERRORREPORT:PROMPT /OUT:"C:\Users\fi\Documents\Visual Studio 2010\Projects\snake\Debug\snake.exe" /INCREMENTAL /NOLOGO kernel32.lib user32.lib gdi32.lib winspool.lib comdlg32.lib advapi32.lib shell32.lib ole32.lib oleaut32.lib uuid.lib odbc32.lib odbccp32.lib /MANIFEST /ManifestFile:"Debug\snake.exe.intermediate.manifest" /MANIFESTUAC:"level='asInvoker' uiAccess='false'" /DEBUG /PDB:"C:\Users\fi\Documents\Visual Studio 2010\Projects\snake\Debug\snake.pdb" /SUBSYSTEM:WINDOWS /TLBID:1 /DYNAMICBASE /NXCOMPAT /IMPLIB:"C:\Users\fi\Documents\Visual Studio 2010\Projects\snake\Debug\snake.lib" /MACHINE:X86 Debug\snake.exe.embed.manifest.res
         Debug\snake.obj
         Debug\snake_class.obj
         Debug\stdafx.obj
       Manifest:
         C:\Program Files\Microsoft SDKs\Windows\v7.0A\bin\mt.exe /nologo /verbose /out:"Debug\snake.exe.embed.manifest" /manifest Debug\snake.exe.intermediate.manifest
         All outputs are up-to-date.
       LinkEmbedManifest:
         All outputs are up-to-date.
         snake.vcxproj -> C:\Users\fi\Documents\Visual Studio 2010\Projects\snake\Debug\snake.exe
       FinalizeBuildStatus:
         Deleting file "Debug\snake.unsuccessfulbuild".
         Touching "Debug\snake.lastbuildstate".
     1>Done Building Project "C:\Users\fi\Documents\Visual Studio 2010\Projects\snake\snake\snake.vcxproj" (build target(s)).

Build succeeded.

Time Elapsed 00:00:03.24
